app/build/intermediates/manifest_merge_blame_file/debug/processDebugMainManifest/manifest-merger-blame-debug-report.txt
1<?xml version="1.0" encoding="utf-8"?>
2<manifest xmlns:android="http://schemas.android.com/apk/res/android"
3    package="ua.cashpilot"
4    android:versionCode="2"
5    android:versionName="1.1" >
6
7    <uses-sdk
8        android:minSdkVersion="29"
9        android:targetSdkVersion="36" />
10
11    <uses-permission android:name="android.permission.INTERNET" />
11-->src\main\AndroidManifest.xml:2:5-67
11-->src\main\AndroidManifest.xml:2:22-64
12
13    <permission
13-->[androidx.core:core:1.16.0] AndroidManifest.xml:22:5-24:47
14        android:name="ua.cashpilot.DYNAMIC_RECEIVER_NOT_EXPORTED_PERMISSION"
14-->[androidx.core:core:1.16.0] AndroidManifest.xml:23:9-81
15        android:protectionLevel="signature" />
15-->[androidx.core:core:1.16.0] AndroidManifest.xml:24:9-44
16
17    <uses-permission android:name="ua.cashpilot.DYNAMIC_RECEIVER_NOT_EXPORTED_PERMISSION" />
17-->[androidx.core:core:1.16.0] AndroidManifest.xml:26:5-97
17-->[androidx.core:core:1.16.0] AndroidManifest.xml:26:22-94
18
19    <application
19-->src\main\AndroidManifest.xml:3:5-21:19
20        android:appComponentFactory="androidx.core.app.CoreComponentFactory"
20-->[androidx.core:core:1.16.0] AndroidManifest.xml:28:18-86
21        android:debuggable="true"
22        android:extractNativeLibs="false"
23        android:icon="@drawable/ic_launcher_png"
23-->src\main\AndroidManifest.xml:3:83-123
24        android:label="@string/app_name"
24-->src\main\AndroidManifest.xml:3:50-82
25        android:resizeableActivity="true"
25-->src\main\AndroidManifest.xml:3:170-203
26        android:roundIcon="@drawable/ic_launcher_png"
26-->src\main\AndroidManifest.xml:3:124-169
27        android:theme="@style/AppTheme"
27-->src\main\AndroidManifest.xml:3:18-49
28        android:usesCleartextTraffic="true" >
28-->src\main\AndroidManifest.xml:3:204-239
29        <activity
29-->src\main\AndroidManifest.xml:4:9-78
30            android:name="ua.cashpilot.SettingsActivity"
30-->src\main\AndroidManifest.xml:4:19-51
31            android:exported="true" />
31-->src\main\AndroidManifest.xml:4:52-75
32        <activity
32-->src\main\AndroidManifest.xml:5:9-10:20
33            android:name="ua.cashpilot.MainActivity"
33-->src\main\AndroidManifest.xml:5:19-47
34            android:exported="true" >
34-->src\main\AndroidManifest.xml:5:48-71
35            <intent-filter>
35-->src\main\AndroidManifest.xml:6:13-9:29
36                <action android:name="android.intent.action.MAIN" />
36-->src\main\AndroidManifest.xml:7:17-69
36-->src\main\AndroidManifest.xml:7:25-66
37
38                <category android:name="android.intent.category.LAUNCHER" />
38-->src\main\AndroidManifest.xml:8:17-77
38-->src\main\AndroidManifest.xml:8:27-74
39            </intent-filter>
40        </activity>
41
42        <receiver
42-->src\main\AndroidManifest.xml:11:9-20:20
43            android:name="ua.cashpilot.CashPilotWidget"
43-->src\main\AndroidManifest.xml:11:19-50
44            android:exported="true" >
44-->src\main\AndroidManifest.xml:11:51-74
45            <intent-filter>
45-->src\main\AndroidManifest.xml:12:13-18:29
46                <action android:name="android.appwidget.action.APPWIDGET_UPDATE" />
46-->src\main\AndroidManifest.xml:13:17-84
46-->src\main\AndroidManifest.xml:13:25-81
47                <action android:name="ua.cashpilot.PREV_MONTH" />
47-->src\main\AndroidManifest.xml:14:17-66
47-->src\main\AndroidManifest.xml:14:25-63
48                <action android:name="ua.cashpilot.NEXT_MONTH" />
48-->src\main\AndroidManifest.xml:15:17-66
48-->src\main\AndroidManifest.xml:15:25-63
49                <action android:name="ua.cashpilot.RESET" />
49-->src\main\AndroidManifest.xml:16:17-61
49-->src\main\AndroidManifest.xml:16:25-58
50                <action android:name="ua.cashpilot.TOGGLE_DAY" />
50-->src\main\AndroidManifest.xml:17:17-66
50-->src\main\AndroidManifest.xml:17:25-63
51            </intent-filter>
52
53            <meta-data
53-->src\main\AndroidManifest.xml:19:13-114
54                android:name="android.appwidget.provider"
54-->src\main\AndroidManifest.xml:19:24-65
55                android:resource="@xml/cashpilot_widget_info" />
55-->src\main\AndroidManifest.xml:19:66-111
56        </receiver>
57
58        <provider
58-->[androidx.emoji2:emoji2:1.3.0] AndroidManifest.xml:24:9-32:20
59            android:name="androidx.startup.InitializationProvider"
59-->[androidx.emoji2:emoji2:1.3.0] AndroidManifest.xml:25:13-67
60            android:authorities="ua.cashpilot.androidx-startup"
60-->[androidx.emoji2:emoji2:1.3.0] AndroidManifest.xml:26:13-68
61            android:exported="false" >
61-->[androidx.emoji2:emoji2:1.3.0] AndroidManifest.xml:27:13-37
62            <meta-data
62-->[androidx.emoji2:emoji2:1.3.0] AndroidManifest.xml:29:13-31:52
63                android:name="androidx.emoji2.text.EmojiCompatInitializer"
63-->[androidx.emoji2:emoji2:1.3.0] AndroidManifest.xml:30:17-75
64                android:value="androidx.startup" />
64-->[androidx.emoji2:emoji2:1.3.0] AndroidManifest.xml:31:17-49
65            <meta-data
65-->[androidx.lifecycle:lifecycle-process:2.6.2] AndroidManifest.xml:29:13-31:52
66                android:name="androidx.lifecycle.ProcessLifecycleInitializer"
66-->[androidx.lifecycle:lifecycle-process:2.6.2] AndroidManifest.xml:30:17-78
67                android:value="androidx.startup" />
67-->[androidx.lifecycle:lifecycle-process:2.6.2] AndroidManifest.xml:31:17-49
68            <meta-data
68-->[androidx.profileinstaller:profileinstaller:1.4.0] AndroidManifest.xml:29:13-31:52
69                android:name="androidx.profileinstaller.ProfileInstallerInitializer"
69-->[androidx.profileinstaller:profileinstaller:1.4.0] AndroidManifest.xml:30:17-85
70                android:value="androidx.startup" />
70-->[androidx.profileinstaller:profileinstaller:1.4.0] AndroidManifest.xml:31:17-49
71        </provider>
72
73        <receiver
73-->[androidx.profileinstaller:profileinstaller:1.4.0] AndroidManifest.xml:34:9-52:20
74            android:name="androidx.profileinstaller.ProfileInstallReceiver"
74-->[androidx.profileinstaller:profileinstaller:1.4.0] AndroidManifest.xml:35:13-76
75            android:directBootAware="false"
75-->[androidx.profileinstaller:profileinstaller:1.4.0] AndroidManifest.xml:36:13-44
76            android:enabled="true"
76-->[androidx.profileinstaller:profileinstaller:1.4.0] AndroidManifest.xml:37:13-35
77            android:exported="true"
77-->[androidx.profileinstaller:profileinstaller:1.4.0] AndroidManifest.xml:38:13-36
78            android:permission="android.permission.DUMP" >
78-->[androidx.profileinstaller:profileinstaller:1.4.0] AndroidManifest.xml:39:13-57
79            <intent-filter>
79-->[androidx.profileinstaller:profileinstaller:1.4.0] AndroidManifest.xml:40:13-42:29
80                <action android:name="androidx.profileinstaller.action.INSTALL_PROFILE" />
80-->[androidx.profileinstaller:profileinstaller:1.4.0] AndroidManifest.xml:41:17-91
80-->[androidx.profileinstaller:profileinstaller:1.4.0] AndroidManifest.xml:41:25-88
81            </intent-filter>
82            <intent-filter>
82-->[androidx.profileinstaller:profileinstaller:1.4.0] AndroidManifest.xml:43:13-45:29
83                <action android:name="androidx.profileinstaller.action.SKIP_FILE" />
83-->[androidx.profileinstaller:profileinstaller:1.4.0] AndroidManifest.xml:44:17-85
83-->[androidx.profileinstaller:profileinstaller:1.4.0] AndroidManifest.xml:44:25-82
84            </intent-filter>
85            <intent-filter>
85-->[androidx.profileinstaller:profileinstaller:1.4.0] AndroidManifest.xml:46:13-48:29
86                <action android:name="androidx.profileinstaller.action.SAVE_PROFILE" />
86-->[androidx.profileinstaller:profileinstaller:1.4.0] AndroidManifest.xml:47:17-88
86-->[androidx.profileinstaller:profileinstaller:1.4.0] AndroidManifest.xml:47:25-85
87            </intent-filter>
88            <intent-filter>
88-->[androidx.profileinstaller:profileinstaller:1.4.0] AndroidManifest.xml:49:13-51:29
89                <action android:name="androidx.profileinstaller.action.BENCHMARK_OPERATION" />
89-->[androidx.profileinstaller:profileinstaller:1.4.0] AndroidManifest.xml:50:17-95
89-->[androidx.profileinstaller:profileinstaller:1.4.0] AndroidManifest.xml:50:25-92
90            </intent-filter>
91        </receiver>
92    </application>
93
94</manifest>